<?xml version="1.0" encoding="UTF-8"?>
<!-- Generated by org.testng.reporters.JUnitXMLReporter -->
<testsuite ignored="0" hostname="DESKTOP-B0PFRS0" failures="0" tests="6" name="Test" time="0.159" errors="0" timestamp="2022-07-18T02:37:18 GMT-07:00">
  <testcase classname="mavenproject_practice.Practiceclass2" name="createCustomer" time="0.013"/>
  <testcase classname="mavenproject_practice.Practiceclass2" name="deleteCustomer" time="0.005"/>
  <testcase classname="mavenproject_practice.PracticeTest" name="PracticeTest" time="0.006"/>
  <testcase classname="mavenproject_practice.PracticeTest" name="modifyCustomer" time="0.01"/>
  <testcase classname="mavenproject_practice.PracticeTest1" name="createCustomer" time="0.011"/>
  <testcase classname="mavenproject_practice.PracticeTest1" name="deleteCustomer" time="0.003"/>
</testsuite> <!-- Test -->
