<?xml version="1.0" encoding="UTF-8"?>
<!-- Generated by org.testng.reporters.JUnitXMLReporter -->
<testsuite ignored="0" hostname="DESKTOP-B0PFRS0" failures="0" tests="3" name="Default test" time="0.1" errors="0" timestamp="2022-07-18T12:28:06 GMT-07:00">
  <testcase classname="mavenproject_practice.Practice1Test" name="Practice1Test" time="0.012"/>
  <testcase classname="mavenproject_practice.Practice1Test" name="Practice2Test" time="0.002"/>
  <testcase classname="mavenproject_practice.Practice1Test" name="Practice3Test" time="0.002"/>
</testsuite> <!-- Default test -->
